<?xml version="1.0" encoding="utf-8"?><testsuites name="pytest tests"><testsuite name="pytest" errors="0" failures="1" skipped="0" tests="3" time="84.411" timestamp="2026-06-30T14:09:03.427664+00:00" hostname="agent-env-f011ba47-ebe5-48fa-a866-b73639b3d5d7"><testcase classname="tests.test_oem_designation_filter_iteration7.TestOemStockSearchStrictFilter" name="test_kit_chaine_distribution_strict" time="40.739"><failure message="AssertionError: count &lt; 1 — filter nuked all results&#10;assert 0 &gt;= 1">tests/test_oem_designation_filter_iteration7.py:171: in test_kit_chaine_distribution_strict
    assert count &gt;= 1, "count &lt; 1 — filter nuked all results"
E   AssertionError: count &lt; 1 — filter nuked all results
E   assert 0 &gt;= 1</failure></testcase><testcase classname="tests.test_oem_designation_filter_iteration7.TestOemStockSearchStrictFilter" name="test_chaine_distribution_two_tokens" time="6.944" /><testcase classname="tests.test_oem_designation_filter_iteration7.TestOemStockSearchStrictFilter" name="test_filtre_huile_sanity" time="36.655" /></testsuite></testsuites>