<?xml version="1.0" encoding="utf-8"?><testsuites name="pytest tests"><testsuite name="pytest" errors="0" failures="3" skipped="0" tests="10" time="52.094" timestamp="2026-06-30T13:36:17.205933+00:00" hostname="agent-env-f011ba47-ebe5-48fa-a866-b73639b3d5d7"><testcase classname="backend.tests.test_oem_walltime_iteration5.TestCapArchitecture" name="test_semaphore_is_60" time="0.001" /><testcase classname="backend.tests.test_oem_walltime_iteration5.TestCapArchitecture" name="test_locked_supplier_cap_constant_is_60" time="0.000" /><testcase classname="backend.tests.test_oem_walltime_iteration5.TestCapArchitecture" name="test_lookup_skips_locked_suppliers_past_cap" time="0.000" /><testcase classname="backend.tests.test_oem_walltime_iteration5.TestCapArchitecture" name="test_enumerate_passes_idx_to_lookup" time="0.000" /><testcase classname="backend.tests.test_oem_walltime_iteration5.TestCapArchitecture" name="test_variant_sources_is_fadpro_only" time="0.000" /><testcase classname="backend.tests.test_oem_walltime_iteration5.TestLargeQueryWalltime" name="test_flush_and_call_returns_200_under_45s" time="45.761"><failure message="AssertionError: LARGE query wall-time 45.16s &gt;= 45 s — global timeout would trip&#10;assert 45.16194086200085 &lt; 45.0">backend/tests/test_oem_walltime_iteration5.py:168: in test_flush_and_call_returns_200_under_45s
    assert elapsed &lt; 45.0, (
E   AssertionError: LARGE query wall-time 45.16s &gt;= 45 s — global timeout would trip
E   assert 45.16194086200085 &lt; 45.0</failure></testcase><testcase classname="backend.tests.test_oem_walltime_iteration5.TestLargeQueryWalltime" name="test_count_is_at_least_one" time="0.000"><failure message="AssertionError: User-reported bug NOT fixed: count=0, items=0, checked=616. Expected count &gt;= 1.&#10;assert 0 &gt;= 1">backend/tests/test_oem_walltime_iteration5.py:177: in test_count_is_at_least_one
    assert count &gt;= 1, (
E   AssertionError: User-reported bug NOT fixed: count=0, items=0, checked=616. Expected count &gt;= 1.
E   assert 0 &gt;= 1</failure></testcase><testcase classname="backend.tests.test_oem_walltime_iteration5.TestUserReportedOemFallback" name="test_supplier_cache_row_for_1608745980" time="0.004" /><testcase classname="backend.tests.test_oem_walltime_iteration5.TestCacheDistribution" name="test_fadpro_runs_for_all_candidates_and_locked_capped" time="0.004"><failure message="AssertionError: FadPro only ran for 529 candidates (checked=616); expected ≈ all candidates&#10;assert 529 &gt;= 554&#10; +  where 554 = max(500, 554)&#10; +    where 554 = int((616 * 0.9))">backend/tests/test_oem_walltime_iteration5.py:230: in test_fadpro_runs_for_all_candidates_and_locked_capped
    assert fadpro &gt;= max(500, int(checked * 0.9)), (
E   AssertionError: FadPro only ran for 529 candidates (checked=616); expected ≈ all candidates
E   assert 529 &gt;= 554
E    +  where 554 = max(500, 554)
E    +    where 554 = int((616 * 0.9))</failure></testcase><testcase classname="backend.tests.test_oem_walltime_iteration5.TestSmallQueryRegression" name="test_small_query_still_returns_results" time="6.225" /></testsuite></testsuites>