<?xml version="1.0" encoding="utf-8"?><testsuites name="pytest tests"><testsuite name="pytest" errors="0" failures="0" skipped="1" tests="15" time="14.950" timestamp="2026-06-30T12:46:27.861184+00:00" hostname="agent-env-f011ba47-ebe5-48fa-a866-b73639b3d5d7"><testcase classname="tests.test_oem_search_variants.TestOemSearchVariants" name="test_variant_list[1608745980-expected0]" time="0.001" /><testcase classname="tests.test_oem_search_variants.TestOemSearchVariants" name="test_variant_list[1610577780KIT-expected1]" time="0.000" /><testcase classname="tests.test_oem_search_variants.TestOemSearchVariants" name="test_variant_list[083075-expected2]" time="0.000" /><testcase classname="tests.test_oem_search_variants.TestOemSearchVariants" name="test_variant_list[83075-expected3]" time="0.000" /><testcase classname="tests.test_oem_search_variants.TestOemSearchVariants" name="test_variant_list[0516A3-expected4]" time="0.000" /><testcase classname="tests.test_oem_search_variants.TestOemSearchVariants" name="test_variant_list[1608747680_S-expected5]" time="0.000" /><testcase classname="tests.test_oem_search_variants.TestOemSearchVariants" name="test_empty_input" time="0.000" /><testcase classname="tests.test_oem_search_variants.TestOemSearchVariants" name="test_no_duplicates" time="0.000" /><testcase classname="tests.test_oem_search_variants.TestFadProShortVariantHits" name="test_kit_suffix_canonical_raises_404" time="3.005" /><testcase classname="tests.test_oem_search_variants.TestFadProShortVariantHits" name="test_kit_suffix_stripped_returns_hits" time="2.132" /><testcase classname="tests.test_oem_search_variants.TestFadProShortVariantHits" name="test_six_digit_variant_returns_more_hits_than_canonical" time="2.461" /><testcase classname="tests.test_oem_search_variants.TestCachedSupplierSearchFallback" name="test_fallback_kit_stripped" time="2.518" /><testcase classname="tests.test_oem_search_variants.TestCachedSupplierSearchFallback" name="test_mongo_cache_records_matched_variant" time="3.155" /><testcase classname="tests.test_oem_search_variants.TestVehicleIdPickerRegression" name="test_vin_mega_decode_unwraps_data" time="0.170"><skipped type="pytest.skip" message="vin_mega_decode returned None — RapidAPI quota exhausted (429) or transient outage; iteration_2 unwrap logic cannot be retested live">/app/backend/tests/test_oem_search_variants.py:189: vin_mega_decode returned None — RapidAPI quota exhausted (429) or transient outage; iteration_2 unwrap logic cannot be retested live</skipped></testcase><testcase classname="tests.test_oem_search_variants.TestVehicleIdPickerRegression" name="test_picker_returns_133257" time="0.880" /></testsuite></testsuites>