<?xml version="1.0" encoding="utf-8"?><testsuites name="pytest tests"><testsuite name="pytest" errors="0" failures="1" skipped="0" tests="9" time="80.432" timestamp="2026-06-30T14:27:19.197166+00:00" hostname="agent-env-f011ba47-ebe5-48fa-a866-b73639b3d5d7"><testcase classname="backend.tests.test_oem_category_filter_iteration8.TestCategoryFilterHelpers" name="test_filter_map_has_required_entries" time="0.000" /><testcase classname="backend.tests.test_oem_category_filter_iteration8.TestCategoryFilterHelpers" name="test_resolver_superset_match" time="0.000" /><testcase classname="backend.tests.test_oem_category_filter_iteration8.TestCategoryFilterHelpers" name="test_resolver_no_filter_for_unregistered" time="0.000" /><testcase classname="backend.tests.test_oem_category_filter_iteration8.TestKitChaineFilter" name="test_count_at_least_one" time="40.717" /><testcase classname="backend.tests.test_oem_category_filter_iteration8.TestKitChaineFilter" name="test_every_item_categorie_contains_required_tokens" time="0.000" /><testcase classname="backend.tests.test_oem_category_filter_iteration8.TestKitChaineFilter" name="test_sample_categories_logged" time="0.000" /><testcase classname="backend.tests.test_oem_category_filter_iteration8.TestFiltreHuileNoFilter" name="test_unregistered_query_returns_items_unfiltered" time="39.305" /><testcase classname="backend.tests.test_oem_category_filter_iteration8.TestIter6Regression" name="test_constants_intact" time="0.001"><failure message="assert 'asyncio.as_completed(pending_tasks, timeout=40.0)' in 'from dotenv import load_dotenv\nfrom pathlib import Path\n\nROOT_DIR = Path(__file__).parent\nload_dotenv(ROOT_DIR / &quot;.env&quot;)\n\nimport os\nimport logging\nimport uuid\nimport bcrypt\nimport jwt\nimport httpx\nfrom datetime import datetime, timezone, timedelta\nfrom typing import Optional, List\n\nfrom fastapi import FastAPI, APIRouter, HTTPException, Request, Response, Depends, BackgroundTasks\nfrom starlette.middleware.cors import CORSMiddleware\nfrom motor.motor_asyncio import AsyncIOMotorClient\nfrom pydantic import BaseModel, EmailStr\n\nfrom catalog_data import CATALOG, get_section, get_category, find_part\nfrom vehicles_catalog import get_catalog as get_vehicles_catalog, VEHICLES\nfrom partsouq_scraper import scrape_vin as partsouq_scrape, scrape_subgroup_parts\nfrom fadpro_client import (\n    search_reference as fadpro_search,\n    search_by_niv_levels as fadpro_niv_search,\n    search_by_designation as fadpro_designation_search,\n)\nfrom iis_supplier_client import get_copia, get_partspro\nfrom email_service import send_welcome_email, send_order_confirmation, send_contact_to_admin\nfrom rapidapi_client import (\n    vin_lookup as rapid_vin_lookup,\n    search_oem as rapi...te_index(&quot;id&quot;)\n    await db.orders.create_index(&quot;user_id&quot;)\n    await db.orders.create_index(&quot;id&quot;)\n    await db.partsouq_cache.create_index(&quot;vin&quot;, unique=True)\n    await db.partsouq_subgroups.create_index([(&quot;vin&quot;, 1), (&quot;cid&quot;, 1)], unique=True)\n    await db.tecdoc_vehicles.create_index(&quot;vin&quot;, unique=True)\n    await db.tecdoc_oem_cache.create_index(\n        [(&quot;vehicle_id&quot;, 1), (&quot;lang_id&quot;, 1), (&quot;q&quot;, 1)],\n        unique=True,\n        partialFilterExpression={&quot;vehicle_id&quot;: {&quot;$exists&quot;: True}},\n        name=&quot;vehicle_id_1_lang_id_1_q_1&quot;,\n    )\n    await db.tecdoc_oem_cache.create_index(\n        [(&quot;model_id&quot;, 1), (&quot;lang_id&quot;, 1), (&quot;q&quot;, 1)],\n        unique=True,\n        partialFilterExpression={&quot;model_id&quot;: {&quot;$exists&quot;: True}},\n        name=&quot;model_id_1_lang_id_1_q_1&quot;,\n    )\n    await seed_admin()\n\n\napp.include_router(api)\n\napp.add_middleware(\n    CORSMiddleware,\n    allow_credentials=True,\n    allow_origins=[&quot;*&quot;],\n    allow_methods=[&quot;*&quot;],\n    allow_headers=[&quot;*&quot;],\n    expose_headers=[&quot;*&quot;],\n)\n\nlogging.basicConfig(level=logging.INFO, format=&quot;%(asctime)s %(levelname)s %(name)s: %(message)s&quot;)\n\n\n@app.on_event(&quot;shutdown&quot;)\nasync def shutdown():\n    client.close()\n'">backend/tests/test_oem_category_filter_iteration8.py:168: in test_constants_intact
    assert "asyncio.as_completed(pending_tasks, timeout=40.0)" in src
E   assert 'asyncio.as_completed(pending_tasks, timeout=40.0)' in 'from dotenv import load_dotenv\nfrom pathlib import Path\n\nROOT_DIR = Path(__file__).parent\nload_dotenv(ROOT_DIR / ".env")\n\nimport os\nimport logging\nimport uuid\nimport bcrypt\nimport jwt\nimport httpx\nfrom datetime import datetime, timezone, timedelta\nfrom typing import Optional, List\n\nfrom fastapi import FastAPI, APIRouter, HTTPException, Request, Response, Depends, BackgroundTasks\nfrom starlette.middleware.cors import CORSMiddleware\nfrom motor.motor_asyncio import AsyncIOMotorClient\nfrom pydantic import BaseModel, EmailStr\n\nfrom catalog_data import CATALOG, get_section, get_category, find_part\nfrom vehicles_catalog import get_catalog as get_vehicles_catalog, VEHICLES\nfrom partsouq_scraper import scrape_vin as partsouq_scrape, scrape_subgroup_parts\nfrom fadpro_client import (\n    search_reference as fadpro_search,\n    search_by_niv_levels as fadpro_niv_search,\n    search_by_designation as fadpro_designation_search,\n)\nfrom iis_supplier_client import get_copia, get_partspro\nfrom email_service import send_welcome_email, send_order_confirmation, send_contact_to_admin\nfrom rapidapi_client import (\n    vin_lookup as rapid_vin_lookup,\n    search_oem as rapi...te_index("id")\n    await db.orders.create_index("user_id")\n    await db.orders.create_index("id")\n    await db.partsouq_cache.create_index("vin", unique=True)\n    await db.partsouq_subgroups.create_index([("vin", 1), ("cid", 1)], unique=True)\n    await db.tecdoc_vehicles.create_index("vin", unique=True)\n    await db.tecdoc_oem_cache.create_index(\n        [("vehicle_id", 1), ("lang_id", 1), ("q", 1)],\n        unique=True,\n        partialFilterExpression={"vehicle_id": {"$exists": True}},\n        name="vehicle_id_1_lang_id_1_q_1",\n    )\n    await db.tecdoc_oem_cache.create_index(\n        [("model_id", 1), ("lang_id", 1), ("q", 1)],\n        unique=True,\n        partialFilterExpression={"model_id": {"$exists": True}},\n        name="model_id_1_lang_id_1_q_1",\n    )\n    await seed_admin()\n\n\napp.include_router(api)\n\napp.add_middleware(\n    CORSMiddleware,\n    allow_credentials=True,\n    allow_origins=["*"],\n    allow_methods=["*"],\n    allow_headers=["*"],\n    expose_headers=["*"],\n)\n\nlogging.basicConfig(level=logging.INFO, format="%(asctime)s %(levelname)s %(name)s: %(message)s")\n\n\n@app.on_event("shutdown")\nasync def shutdown():\n    client.close()\n'</failure></testcase><testcase classname="backend.tests.test_oem_category_filter_iteration8.TestIter6Regression" name="test_fadpro_variant_fallback_intact" time="0.000" /></testsuite></testsuites>