<?xml version="1.0" encoding="utf-8"?><testsuites name="pytest tests"><testsuite name="pytest" errors="0" failures="1" skipped="0" tests="11" time="88.315" timestamp="2026-06-30T13:43:52.566073+00:00" hostname="agent-env-f011ba47-ebe5-48fa-a866-b73639b3d5d7"><testcase classname="backend.tests.test_oem_walltime_iteration6.TestArchitecturalFixes" name="test_pa_compat_cap_constant_is_50" time="0.001" /><testcase classname="backend.tests.test_oem_walltime_iteration6.TestArchitecturalFixes" name="test_get_compat_list_accepts_allow_fetch" time="0.000" /><testcase classname="backend.tests.test_oem_walltime_iteration6.TestArchitecturalFixes" name="test_pa_fetch_wrapped_in_wait_for_2s" time="0.000" /><testcase classname="backend.tests.test_oem_walltime_iteration6.TestArchitecturalFixes" name="test_lookup_passes_allow_fetch_with_pa_compat_cap" time="0.000" /><testcase classname="backend.tests.test_oem_walltime_iteration6.TestArchitecturalFixes" name="test_as_completed_with_40s_timeout" time="0.000" /><testcase classname="backend.tests.test_oem_walltime_iteration6.TestArchitecturalFixes" name="test_partial_timeout_log_message" time="0.000" /><testcase classname="backend.tests.test_oem_walltime_iteration6.TestLargeQueryWarmCompatCache" name="test_warm_compat_returns_200_under_45s_with_results" time="40.731" /><testcase classname="backend.tests.test_oem_walltime_iteration6.TestLargeQueryColdBothCaches" name="test_cold_both_caches_returns_results_within_deadline" time="40.186" /><testcase classname="backend.tests.test_oem_walltime_iteration6.TestUserReportedOemCacheRow" name="test_supplier_cache_row_for_1608745980" time="0.003"><failure message="AssertionError: FadPro returned 0 items for OEM 1608745980 — variant fallback regressed (matched_variant='1608745980')&#10;assert 0 &gt;= 1&#10; +  where 0 = len([])">backend/tests/test_oem_walltime_iteration6.py:279: in test_supplier_cache_row_for_1608745980
    assert len(items) &gt;= 1, (
E   AssertionError: FadPro returned 0 items for OEM 1608745980 — variant fallback regressed (matched_variant='1608745980')
E   assert 0 &gt;= 1
E    +  where 0 = len([])</failure></testcase><testcase classname="backend.tests.test_oem_walltime_iteration6.TestSmallQueryRegression" name="test_small_query_returns_under_15s" time="7.283" /><testcase classname="backend.tests.test_oem_walltime_iteration6.TestCacheStatsReport" name="test_emit_cache_distribution" time="0.005" /></testsuite></testsuites>