<?xml version="1.0" encoding="utf-8"?><testsuites name="pytest tests"><testsuite name="pytest" errors="0" failures="0" skipped="1" tests="15" time="18.436" timestamp="2026-06-30T12:56:36.741611+00:00" hostname="agent-env-f011ba47-ebe5-48fa-a866-b73639b3d5d7"><testcase classname="backend.tests.test_oem_walltime_iteration4.TestOemSearchVariantsIteration4" name="test_variant_list_matches_exact[1608745980-expected0]" time="0.001" /><testcase classname="backend.tests.test_oem_walltime_iteration4.TestOemSearchVariantsIteration4" name="test_variant_list_matches_exact[1610577780KIT-expected1]" time="0.000" /><testcase classname="backend.tests.test_oem_walltime_iteration4.TestOemSearchVariantsIteration4" name="test_variant_list_matches_exact[083075-expected2]" time="0.000" /><testcase classname="backend.tests.test_oem_walltime_iteration4.TestOemSearchVariantsIteration4" name="test_variant_list_matches_exact[83075-expected3]" time="0.000" /><testcase classname="backend.tests.test_oem_walltime_iteration4.TestOemSearchVariantsIteration4" name="test_variant_list_matches_exact[0516A3-expected4]" time="0.000" /><testcase classname="backend.tests.test_oem_walltime_iteration4.TestOemSearchVariantsIteration4" name="test_variant_list_matches_exact[FM5Q6B217AA-expected5]" time="0.000" /><testcase classname="backend.tests.test_oem_walltime_iteration4.TestOemSearchVariantsIteration4" name="test_variant_list_matches_exact[1608747680_S-expected6]" time="0.000" /><testcase classname="backend.tests.test_oem_walltime_iteration4.TestOemSearchVariantsIteration4" name="test_cap_is_three" time="0.000" /><testcase classname="backend.tests.test_oem_walltime_iteration4.TestOemSearchVariantsIteration4" name="test_eight_char_prefix_removed" time="0.000" /><testcase classname="backend.tests.test_oem_walltime_iteration4.TestOemSearchVariantsIteration4" name="test_empty_and_none" time="0.000" /><testcase classname="backend.tests.test_oem_walltime_iteration4.TestVariantSourcesConstant" name="test_variant_sources_is_fadpro_only" time="0.000" /><testcase classname="backend.tests.test_oem_walltime_iteration4.TestOemStockSearchWalltime" name="test_endpoint_completes_under_50s" time="18.023" /><testcase classname="backend.tests.test_oem_walltime_iteration4.TestOemStockSearchWalltime" name="test_no_global_timeout_hit" time="0.000" /><testcase classname="backend.tests.test_oem_walltime_iteration4.TestSupplierLookupCacheInvariants" name="test_only_fadpro_has_variant_mismatch" time="0.004" /><testcase classname="backend.tests.test_oem_walltime_iteration4.TestSupplierLookupCacheInvariants" name="test_1608745980_fadpro_row_still_resolves" time="0.003"><skipped type="pytest.skip" message="FadPro row for ref='1608745980' was not created by this run (TecDoc candidate set may not include it for q='chaine,distribution'). Not a regression.">/app/backend/tests/test_oem_walltime_iteration4.py:241: FadPro row for ref='1608745980' was not created by this run (TecDoc candidate set may not include it for q='chaine,distribution'). Not a regression.</skipped></testcase></testsuite></testsuites>