<?xml version="1.0" encoding="utf-8"?><testsuites name="pytest tests"><testsuite name="pytest" errors="0" failures="0" skipped="0" tests="5" time="161.727" timestamp="2026-06-30T15:24:55.866810+00:00" hostname="agent-env-f011ba47-ebe5-48fa-a866-b73639b3d5d7"><testcase classname="tests.test_oem_category_filter_iteration9.TestLiveSearchPerSubcategory" name="test_pompe_a_eau" time="24.446" /><testcase classname="tests.test_oem_category_filter_iteration9.TestLiveSearchPerSubcategory" name="test_filtre_huile" time="74.937" /><testcase classname="tests.test_oem_category_filter_iteration9.TestLiveSearchPerSubcategory" name="test_filtre_carburant_or_essence_gasoil" time="31.949" /><testcase classname="tests.test_oem_category_filter_iteration9.TestLiveSearchPerSubcategory" name="test_amortisseur" time="14.564" /><testcase classname="tests.test_oem_category_filter_iteration9.TestLiveSearchPerSubcategory" name="test_toc_amortisseur_wins_over_amortisseur_live" time="15.476" /></testsuite></testsuites>