<?xml version="1.0" encoding="utf-8"?><testsuites name="pytest tests"><testsuite name="pytest" errors="0" failures="0" skipped="0" tests="5" time="20.183" timestamp="2026-06-30T11:21:05.875942+00:00" hostname="agent-env-f011ba47-ebe5-48fa-a866-b73639b3d5d7"><testcase classname="backend.tests.test_vin_vehicle_picker.TestVinMegaDecode" name="test_vin_mega_returns_sra_commercial" time="1.187" /><testcase classname="backend.tests.test_vin_vehicle_picker.TestPickBestVehicleId" name="test_picks_133257_for_peugeot_16_hdi" time="0.726" /><testcase classname="backend.tests.test_vin_vehicle_picker.TestPickBestVehicleId" name="test_blue_hdi_normalisation" time="0.000" /><testcase classname="backend.tests.test_vin_vehicle_picker.TestOemStockSearchWithVin" name="test_oem_stock_search_resolves_via_vin" time="18.150" /><testcase classname="backend.tests.test_vin_vehicle_picker.TestOemStockSearchWithVin" name="test_log_contains_match_line" time="0.014" /></testsuite></testsuites>